<?xml version="1.0" encoding="UTF-8"?>
<!-- Generated by org.testng.reporters.JUnitXMLReporter -->
<testsuite ignored="0" hostname="DESKTOP-TV5S1MN" failures="1" tests="1" name="Default test" time="16.239" errors="0" timestamp="2020-02-13T13:30:13 CST">
  <testcase classname="test.TestngLoging" name="openTechfiosSite" time="16.211">
    <failure type="org.openqa.selenium.SessionNotCreatedException" message="session not created
from chrome not reachable
  (Session info: chrome=79.0.3945.130)
Build info: version: &amp;apos;3.14.0&amp;apos;, revision: &amp;apos;aacccce0&amp;apos;, time: &amp;apos;2018-08-02T20:19:58.91Z&amp;apos;
System info: host: &amp;apos;DESKTOP-TV5S1MN&amp;apos;, ip: &amp;apos;192.168.0.21&amp;apos;, os.name: &amp;apos;Windows 10&amp;apos;, os.arch: &amp;apos;amd64&amp;apos;, os.version: &amp;apos;10.0&amp;apos;, java.version: &amp;apos;13.0.1&amp;apos;
Driver info: driver.version: ChromeDriver
remote stacktrace: Backtrace:
	Ordinal0 [0x00F2A113+1548563]
	Ordinal0 [0x00EADDA1+1039777]
	Ordinal0 [0x00E2E32E+516910]
	Ordinal0 [0x00E28012+491538]
	Ordinal0 [0x00E286EB+493291]
	Ordinal0 [0x00E29855+497749]
	Ordinal0 [0x00E25885+481413]
	Ordinal0 [0x00E2F0D0+520400]
	Ordinal0 [0x00DDC030+180272]
	Ordinal0 [0x00DDB59D+177565]
	Ordinal0 [0x00DD95FB+169467]
	Ordinal0 [0x00DC160A+71178]
	Ordinal0 [0x00DC2690+75408]
	Ordinal0 [0x00DC2629+75305]
	Ordinal0 [0x00EC71B7+1143223]
	GetHandleVerifier [0x00FC2B46+507814]
	GetHandleVerifier [0x00FC2864+507076]
	GetHandleVerifier [0x00FC9F47+537511]
	GetHandleVerifier [0x00FC3402+510050]
	Ordinal0 [0x00EBF29C+1110684]
	Ordinal0 [0x00EC938B+1151883]
	Ordinal0 [0x00EC94F3+1152243]
	Ordinal0 [0x00EC83F5+1147893]
	BaseThreadInitThunk [0x76FE6359+25]
	RtlGetAppContainerNamedObjectPath [0x77127B74+228]
	RtlGetAppContainerNamedObjectPath [0x77127B44+180]
">
      <![CDATA[org.openqa.selenium.SessionNotCreatedException: session not created
from chrome not reachable
  (Session info: chrome=79.0.3945.130)
Build info: version: '3.14.0', revision: 'aacccce0', time: '2018-08-02T20:19:58.91Z'
System info: host: 'DESKTOP-TV5S1MN', ip: '192.168.0.21', os.name: 'Windows 10', os.arch: 'amd64', os.version: '10.0', java.version: '13.0.1'
Driver info: driver.version: ChromeDriver
remote stacktrace: Backtrace:
Ordinal0 [0x00F2A113+1548563]
Ordinal0 [0x00EADDA1+1039777]
Ordinal0 [0x00E2E32E+516910]
Ordinal0 [0x00E28012+491538]
Ordinal0 [0x00E286EB+493291]
Ordinal0 [0x00E29855+497749]
Ordinal0 [0x00E25885+481413]
Ordinal0 [0x00E2F0D0+520400]
Ordinal0 [0x00DDC030+180272]
Ordinal0 [0x00DDB59D+177565]
Ordinal0 [0x00DD95FB+169467]
Ordinal0 [0x00DC160A+71178]
Ordinal0 [0x00DC2690+75408]
Ordinal0 [0x00DC2629+75305]
Ordinal0 [0x00EC71B7+1143223]
GetHandleVerifier [0x00FC2B46+507814]
GetHandleVerifier [0x00FC2864+507076]
GetHandleVerifier [0x00FC9F47+537511]
GetHandleVerifier [0x00FC3402+510050]
Ordinal0 [0x00EBF29C+1110684]
Ordinal0 [0x00EC938B+1151883]
Ordinal0 [0x00EC94F3+1152243]
Ordinal0 [0x00EC83F5+1147893]
BaseThreadInitThunk [0x76FE6359+25]
RtlGetAppContainerNamedObjectPath [0x77127B74+228]
RtlGetAppContainerNamedObjectPath [0x77127B44+180]

at java.base/jdk.internal.reflect.NativeConstructorAccessorImpl.newInstance0(Native Method)
at java.base/jdk.internal.reflect.NativeConstructorAccessorImpl.newInstance(NativeConstructorAccessorImpl.java:62)
at java.base/jdk.internal.reflect.DelegatingConstructorAccessorImpl.newInstance(DelegatingConstructorAccessorImpl.java:45)
at java.base/java.lang.reflect.Constructor.newInstanceWithCaller(Constructor.java:500)
at java.base/java.lang.reflect.Constructor.newInstance(Constructor.java:481)
at org.openqa.selenium.remote.W3CHandshakeResponse.lambda$new$0(W3CHandshakeResponse.java:57)
at org.openqa.selenium.remote.W3CHandshakeResponse.lambda$getResponseFunction$2(W3CHandshakeResponse.java:104)
at org.openqa.selenium.remote.ProtocolHandshake.lambda$createSession$0(ProtocolHandshake.java:122)
at java.base/java.util.stream.ReferencePipeline$3$1.accept(ReferencePipeline.java:195)
at java.base/java.util.Spliterators$ArraySpliterator.tryAdvance(Spliterators.java:958)
at java.base/java.util.stream.ReferencePipeline.forEachWithCancel(ReferencePipeline.java:127)
at java.base/java.util.stream.AbstractPipeline.copyIntoWithCancel(AbstractPipeline.java:502)
at java.base/java.util.stream.AbstractPipeline.copyInto(AbstractPipeline.java:488)
at java.base/java.util.stream.AbstractPipeline.wrapAndCopyInto(AbstractPipeline.java:474)
at java.base/java.util.stream.FindOps$FindOp.evaluateSequential(FindOps.java:150)
at java.base/java.util.stream.AbstractPipeline.evaluate(AbstractPipeline.java:234)
at java.base/java.util.stream.ReferencePipeline.findFirst(ReferencePipeline.java:543)
at org.openqa.selenium.remote.ProtocolHandshake.createSession(ProtocolHandshake.java:125)
at org.openqa.selenium.remote.ProtocolHandshake.createSession(ProtocolHandshake.java:73)
at org.openqa.selenium.remote.HttpCommandExecutor.execute(HttpCommandExecutor.java:136)
at org.openqa.selenium.remote.service.DriverCommandExecutor.execute(DriverCommandExecutor.java:83)
at org.openqa.selenium.remote.RemoteWebDriver.execute(RemoteWebDriver.java:548)
at org.openqa.selenium.remote.RemoteWebDriver.startSession(RemoteWebDriver.java:212)
at org.openqa.selenium.remote.RemoteWebDriver.<init>(RemoteWebDriver.java:130)
at org.openqa.selenium.chrome.ChromeDriver.<init>(ChromeDriver.java:181)
at org.openqa.selenium.chrome.ChromeDriver.<init>(ChromeDriver.java:168)
at org.openqa.selenium.chrome.ChromeDriver.<init>(ChromeDriver.java:123)
at test.TestngLoging.openTechfiosSite(TestngLoging.java:23)
at java.base/jdk.internal.reflect.NativeMethodAccessorImpl.invoke0(Native Method)
at java.base/jdk.internal.reflect.NativeMethodAccessorImpl.invoke(NativeMethodAccessorImpl.java:62)
at java.base/jdk.internal.reflect.DelegatingMethodAccessorImpl.invoke(DelegatingMethodAccessorImpl.java:43)
at java.base/java.lang.reflect.Method.invoke(Method.java:567)
at org.testng.internal.MethodInvocationHelper.invokeMethod(MethodInvocationHelper.java:133)
at org.testng.internal.TestInvoker.invokeMethod(TestInvoker.java:584)
at org.testng.internal.TestInvoker.invokeTestMethod(TestInvoker.java:172)
at org.testng.internal.MethodRunner.runInSequence(MethodRunner.java:46)
at org.testng.internal.TestInvoker$MethodInvocationAgent.invoke(TestInvoker.java:804)
at org.testng.internal.TestInvoker.invokeTestMethods(TestInvoker.java:145)
at org.testng.internal.TestMethodWorker.invokeTestMethods(TestMethodWorker.java:146)
at org.testng.internal.TestMethodWorker.run(TestMethodWorker.java:128)
at java.base/java.util.ArrayList.forEach(ArrayList.java:1507)
at org.testng.TestRunner.privateRun(TestRunner.java:770)
at org.testng.TestRunner.run(TestRunner.java:591)
at org.testng.SuiteRunner.runTest(SuiteRunner.java:402)
at org.testng.SuiteRunner.runSequentially(SuiteRunner.java:396)
at org.testng.SuiteRunner.privateRun(SuiteRunner.java:355)
at org.testng.SuiteRunner.run(SuiteRunner.java:304)
at org.testng.SuiteRunnerWorker.runSuite(SuiteRunnerWorker.java:53)
at org.testng.SuiteRunnerWorker.run(SuiteRunnerWorker.java:96)
at org.testng.TestNG.runSuitesSequentially(TestNG.java:1180)
at org.testng.TestNG.runSuitesLocally(TestNG.java:1102)
at org.testng.TestNG.runSuites(TestNG.java:1032)
at org.testng.TestNG.run(TestNG.java:1000)
at org.testng.remote.AbstractRemoteTestNG.run(AbstractRemoteTestNG.java:115)
at org.testng.remote.RemoteTestNG.initAndRun(RemoteTestNG.java:251)
at org.testng.remote.RemoteTestNG.main(RemoteTestNG.java:77)
]]>
    </failure>
  </testcase> <!-- openTechfiosSite -->
</testsuite> <!-- Default test -->
